<?xml version="1.0" encoding="UTF-8"?>
<!-- Generated by org.testng.reporters.JUnitXMLReporter -->
<testsuite ignored="0" hostname="DESKTOP-D8Q7906" failures="0" tests="2" name="Default test" time="221.416" errors="0" timestamp="16 Sep 2022 21:54:07 GMT">
  <testcase classname="com.RanjanPracticeTest.GeneralStoreTestOne" name="handleHybridApp" time="91.743"/>
  <testcase classname="com.RanjanPracticeTest.GeneralStoreTestOne" name="handleHybridApp" time="94.972"/>
</testsuite> <!-- Default test -->
