<?xml version="1.0" encoding="UTF-8"?>
<!-- Generated by org.testng.reporters.JUnitXMLReporter -->
<testsuite ignored="2" hostname="DESKTOP-D8Q7906" failures="0" tests="0" time="0.013" errors="0" timestamp="18 Sep 2022 20:14:56 GMT">
  <testcase classname="com.RanjanPracticeTest.GeneralStoreTestTwo" name="noToastMessageShow" time="0.0">
    <ignored/>
  </testcase> <!-- noToastMessageShow -->
  <testcase classname="com.RanjanPracticeTest.GeneralStoreTestTwo" name="validateToastMessage" time="0.0">
    <ignored/>
  </testcase> <!-- validateToastMessage -->
</testsuite>
