<?xml version="1.0" encoding="UTF-8"?>
<!-- Generated by org.testng.reporters.JUnitXMLReporter -->
<testsuite hostname="DESKTOP-D8Q7906" ignored="2" tests="0" failures="0" timestamp="20 Sep 2022 18:24:15 GMT" time="0.006" errors="0">
  <testcase name="noToastMessageShow" time="0.0" classname="com.RanjanPracticeTest.GeneralStoreTestTwo">
    <ignored/>
  </testcase> <!-- noToastMessageShow -->
  <testcase name="validateToastMessage" time="0.0" classname="com.RanjanPracticeTest.GeneralStoreTestTwo">
    <ignored/>
  </testcase> <!-- validateToastMessage -->
</testsuite>
