<?xml version="1.0" encoding="UTF-8"?>
<!-- Generated by org.testng.reporters.JUnitXMLReporter -->
<testsuite hostname="DESKTOP-D8Q7906" ignored="0" name="Error validation Test" tests="2" failures="0" timestamp="20 Sep 2022 18:28:39 GMT" time="262.69" errors="0">
  <testcase name="handleHybridApp" time="85.08" classname="com.RanjanPracticeTest.GeneralStoreTestOne"/>
  <testcase name="handleHybridApp" time="123.266" classname="com.RanjanPracticeTest.GeneralStoreTestOne"/>
</testsuite> <!-- Error validation Test -->
