<?xml version="1.0" encoding="UTF-8"?>
<testng-results skipped="0" failed="0" ignored="2" total="4" passed="2">
  <reporter-output>
  </reporter-output>
  <suite name="Suite" duration-ms="263633" started-at="2022-09-20T18:24:15Z" finished-at="2022-09-20T18:28:39Z">
    <groups>
      <group name="smoke">
        <method signature="GeneralStoreTestOne.handleHybridApp(java.util.HashMap)[pri:0, instance:com.RanjanPracticeTest.GeneralStoreTestOne@212b5695]" name="handleHybridApp" class="com.RanjanPracticeTest.GeneralStoreTestOne"/>
      </group> <!-- smoke -->
    </groups>
    <test name="End to End Framework Test" duration-ms="6" started-at="2022-09-20T18:24:15Z" finished-at="2022-09-20T18:24:15Z">
    </test> <!-- End to End Framework Test -->
    <test name="Error validation Test" duration-ms="262690" started-at="2022-09-20T18:24:16Z" finished-at="2022-09-20T18:28:39Z">
      <class name="com.RanjanPracticeTest.GeneralStoreTestOne">
        <test-method status="PASS" signature="configureAppium()[pri:0, instance:com.RanjanPracticeTest.GeneralStoreTestOne@212b5695]" name="configureAppium" is-config="true" duration-ms="42489" started-at="2022-09-20T18:24:16Z" finished-at="2022-09-20T18:24:59Z">
          <reporter-output>
          </reporter-output>
        </test-method> <!-- configureAppium -->
        <test-method status="PASS" signature="preSetUp()[pri:0, instance:com.RanjanPracticeTest.GeneralStoreTestOne@212b5695]" name="preSetUp" is-config="true" duration-ms="4002" started-at="2022-09-20T18:25:00Z" finished-at="2022-09-20T18:25:04Z">
          <reporter-output>
          </reporter-output>
        </test-method> <!-- preSetUp -->
        <test-method status="PASS" signature="handleHybridApp(java.util.HashMap)[pri:0, instance:com.RanjanPracticeTest.GeneralStoreTestOne@212b5695]" name="handleHybridApp" duration-ms="85080" started-at="2022-09-20T18:25:04Z" data-provider="getData" finished-at="2022-09-20T18:26:29Z">
          <params>
            <param index="0">
              <value>
                <![CDATA[{name=Jyoti ranjan, country=Argentina, gender=male}]]>
              </value>
            </param>
          </params>
          <reporter-output>
          </reporter-output>
        </test-method> <!-- handleHybridApp -->
        <test-method status="PASS" signature="preSetUp()[pri:0, instance:com.RanjanPracticeTest.GeneralStoreTestOne@212b5695]" name="preSetUp" is-config="true" duration-ms="4065" started-at="2022-09-20T18:26:29Z" finished-at="2022-09-20T18:26:33Z">
          <reporter-output>
          </reporter-output>
        </test-method> <!-- preSetUp -->
        <test-method status="PASS" signature="handleHybridApp(java.util.HashMap)[pri:0, instance:com.RanjanPracticeTest.GeneralStoreTestOne@212b5695]" name="handleHybridApp" duration-ms="123266" started-at="2022-09-20T18:26:33Z" data-provider="getData" finished-at="2022-09-20T18:28:36Z">
          <params>
            <param index="0">
              <value>
                <![CDATA[{name=Jyoti ranjan Pradhan, country=India, gender=female}]]>
              </value>
            </param>
          </params>
          <reporter-output>
          </reporter-output>
        </test-method> <!-- handleHybridApp -->
        <test-method status="PASS" signature="tearDown()[pri:0, instance:com.RanjanPracticeTest.GeneralStoreTestOne@212b5695]" name="tearDown" is-config="true" duration-ms="2758" started-at="2022-09-20T18:28:36Z" finished-at="2022-09-20T18:28:39Z">
          <reporter-output>
          </reporter-output>
        </test-method> <!-- tearDown -->
      </class> <!-- com.RanjanPracticeTest.GeneralStoreTestOne -->
    </test> <!-- Error validation Test -->
  </suite> <!-- Suite -->
</testng-results>
