<?xml version="1.0" encoding="UTF-8"?>
<testng-results ignored="2" total="4" passed="2" failed="0" skipped="0">
  <reporter-output>
  </reporter-output>
  <suite started-at="2022-09-18T20:14:56Z" name="Suite" finished-at="2022-09-18T20:18:34Z" duration-ms="217769">
    <groups>
      <group name="smoke">
        <method signature="GeneralStoreTestOne.handleHybridApp(java.util.HashMap)[pri:0, instance:com.RanjanPracticeTest.GeneralStoreTestOne@3f053c80]" name="handleHybridApp" class="com.RanjanPracticeTest.GeneralStoreTestOne"/>
      </group> <!-- smoke -->
    </groups>
    <test started-at="2022-09-18T20:14:56Z" name="End to End Framework Test" finished-at="2022-09-18T20:14:56Z" duration-ms="13">
    </test> <!-- End to End Framework Test -->
    <test started-at="2022-09-18T20:14:57Z" name="Error validation Test" finished-at="2022-09-18T20:18:34Z" duration-ms="216901">
      <class name="com.RanjanPracticeTest.GeneralStoreTestOne">
        <test-method is-config="true" signature="configureAppium()[pri:0, instance:com.RanjanPracticeTest.GeneralStoreTestOne@3f053c80]" started-at="2022-09-18T20:14:57Z" name="configureAppium" finished-at="2022-09-18T20:15:22Z" duration-ms="24315" status="PASS">
          <reporter-output>
          </reporter-output>
        </test-method> <!-- configureAppium -->
        <test-method signature="handleHybridApp(java.util.HashMap)[pri:0, instance:com.RanjanPracticeTest.GeneralStoreTestOne@3f053c80]" started-at="2022-09-18T20:15:22Z" name="handleHybridApp" data-provider="getData" finished-at="2022-09-18T20:16:38Z" duration-ms="75387" status="PASS">
          <params>
            <param index="0">
              <value>
                <![CDATA[{name=Jyoti ranjan, country=Argentina, gender=male}]]>
              </value>
            </param>
          </params>
          <reporter-output>
          </reporter-output>
        </test-method> <!-- handleHybridApp -->
        <test-method signature="handleHybridApp(java.util.HashMap)[pri:0, instance:com.RanjanPracticeTest.GeneralStoreTestOne@3f053c80]" started-at="2022-09-18T20:16:38Z" name="handleHybridApp" data-provider="getData" finished-at="2022-09-18T20:18:32Z" duration-ms="113883" status="PASS">
          <params>
            <param index="0">
              <value>
                <![CDATA[{name=Jyoti ranjan Pradhan, country=India, gender=female}]]>
              </value>
            </param>
          </params>
          <reporter-output>
          </reporter-output>
        </test-method> <!-- handleHybridApp -->
        <test-method is-config="true" signature="tearDown()[pri:0, instance:com.RanjanPracticeTest.GeneralStoreTestOne@3f053c80]" started-at="2022-09-18T20:18:32Z" name="tearDown" finished-at="2022-09-18T20:18:34Z" duration-ms="2602" status="PASS">
          <reporter-output>
          </reporter-output>
        </test-method> <!-- tearDown -->
      </class> <!-- com.RanjanPracticeTest.GeneralStoreTestOne -->
    </test> <!-- Error validation Test -->
  </suite> <!-- Suite -->
</testng-results>
